2013-11-30T10:31:30-05:00 Push script started (development mode)
2013-11-30T10:31:30-05:00 Connecting to ssl://gateway.sandbox.push.apple.com:2195
2013-11-30T10:31:31-05:00 Failed to connect: 0 
2013-11-30T10:34:19-05:00 Push script started (development mode)
2013-11-30T10:34:19-05:00 Connecting to ssl://gateway.sandbox.push.apple.com:2195
2013-11-30T10:34:20-05:00 Connection OK
2013-11-30T10:34:20-05:00 Sending message 1 to '1f2ceebae5097b0b67619738efb4ebca3b806bb4ccaaac75b49e2e06dfd94aad', payload: '{"aps":{"alert":"victor: alvaro ha fallado! Es tu turno!","sound":"default","badge":1}}'
2013-11-30T10:34:20-05:00 Message successfully delivered
2013-11-30T10:34:20-05:00 Sending message 2 to '1f2ceebae5097b0b67619738efb4ebca3b806bb4ccaaac75b49e2e06dfd94aad', payload: '{"aps":{"alert":"victor: alvaro ha fallado! Es tu turno!","sound":"default","badge":1}}'
2013-11-30T10:34:20-05:00 Message successfully delivered
2013-11-30T10:34:20-05:00 Sending message 3 to '08172b80f3652ba9f5da57652eaf8fc339f36ccf60d4864668520c9994bdc690', payload: '{"aps":{"alert":"alvaro: victor ha fallado! Es tu turno!","sound":"default","badge":1}}'
2013-11-30T10:34:20-05:00 Message successfully delivered
2013-11-30T10:34:20-05:00 Sending message 4 to '08172b80f3652ba9f5da57652eaf8fc339f36ccf60d4864668520c9994bdc690', payload: '{"aps":{"alert":"alvaro: victor ha fallado! Es tu turno!","sound":"default","badge":1}}'
2013-11-30T10:34:20-05:00 Message successfully delivered
2013-11-30T10:34:20-05:00 Sending message 5 to '08172b80f3652ba9f5da57652eaf8fc339f36ccf60d4864668520c9994bdc690', payload: '{"aps":{"alert":"alvaro: victor ha fallado! Es tu turno!","sound":"default","badge":1}}'
2013-11-30T10:34:20-05:00 Message successfully delivered
2013-11-30T10:34:20-05:00 Sending message 6 to '1f2ceebae5097b0b67619738efb4ebca3b806bb4ccaaac75b49e2e06dfd94aad', payload: '{"aps":{"alert":"victor: alvaro ha ganado la partida!","sound":"default","badge":1}}'
2013-11-30T10:34:20-05:00 Message successfully delivered
2013-11-30T10:34:20-05:00 Sending message 7 to '08172b80f3652ba9f5da57652eaf8fc339f36ccf60d4864668520c9994bdc690', payload: '{"aps":{"alert":"alvaro: victor te ha retado!","sound":"default","badge":1}}'
2013-11-30T10:34:20-05:00 Message successfully delivered
2013-11-30T10:34:20-05:00 Sending message 8 to '1f2ceebae5097b0b67619738efb4ebca3b806bb4ccaaac75b49e2e06dfd94aad', payload: '{"aps":{"alert":"victor: alvaro te ha retado!","sound":"default","badge":1}}'
2013-11-30T10:34:20-05:00 Message successfully delivered
2013-11-30T10:40:45-05:00 Sending message 9 to '1f2ceebae5097b0b67619738efb4ebca3b806bb4ccaaac75b49e2e06dfd94aad', payload: '{"aps":{"alert":"victor: alvaro ha fallado! Es tu turno!","sound":"default","badge":1}}'
2013-11-30T10:40:45-05:00 Message successfully delivered
2013-11-30T10:42:20-05:00 Sending message 10 to '08172b80f3652ba9f5da57652eaf8fc339f36ccf60d4864668520c9994bdc690', payload: '{"aps":{"alert":"alvaro: victor ha fallado! Es tu turno!","sound":"default","badge":1}}'
2013-11-30T10:42:20-05:00 Message successfully delivered
2013-11-30T10:54:21-05:00 Sending message 11 to '1f2ceebae5097b0b67619738efb4ebca3b806bb4ccaaac75b49e2e06dfd94aad', payload: '{"aps":{"alert":"victor: alvaro ha fallado! Es tu turno!","sound":"default","badge":1}}'
2013-11-30T10:54:21-05:00 Message successfully delivered
2013-12-01T10:20:32-05:00 Push script started (development mode)
2013-12-01T10:20:32-05:00 Connecting to ssl://gateway.sandbox.push.apple.com:2195
2013-12-01T10:20:32-05:00 Connection OK
2013-12-01T10:32:57-05:00 Exiting with fatal error: exception 'PDOException' with message 'SQLSTATE[HY000]: General error: 2006 MySQL server has gone away' in /home/kinki/Archer/TSPushServer/push/push.php:111
Stack trace:
#0 /home/kinki/Archer/TSPushServer/push/push.php(111): PDOStatement->execute()
#1 /home/kinki/Archer/TSPushServer/push/push.php(39): APNS_Push->start()
#2 {main}
2013-12-01T10:34:47-05:00 Push script started (development mode)
2013-12-01T10:34:48-05:00 Exiting with fatal error: exception 'PDOException' with message 'SQLSTATE[HY000] [2002] Can't connect to local MySQL server through socket '/var/run/mysqld/mysqld.sock' (2)' in /home/kinki/Archer/TSPushServer/push/push.php:83
Stack trace:
#0 /home/kinki/Archer/TSPushServer/push/push.php(83): PDO->__construct('mysql:host=loca...', 'User_Trivi_Push', '1c28729j7$push', Array)
#1 /home/kinki/Archer/TSPushServer/push/push.php(38): APNS_Push->__construct(Array)
#2 {main}
2013-12-01T10:46:43-05:00 Push script started (development mode)
2013-12-01T10:46:43-05:00 Connecting to ssl://gateway.sandbox.push.apple.com:2195
2013-12-01T10:46:43-05:00 Connection OK
2013-12-01T10:49:21-05:00 Push script started (development mode)
2013-12-01T10:49:21-05:00 Exiting with fatal error: exception 'PDOException' with message 'SQLSTATE[HY000] [2002] Can't connect to local MySQL server through socket '/var/run/mysqld/mysqld.sock' (2)' in /home/kinki/Archer/TSPushServer/push/push.php:83
Stack trace:
#0 /home/kinki/Archer/TSPushServer/push/push.php(83): PDO->__construct('mysql:host=loca...', 'User_Trivi_Push', '1c28729j7$push', Array)
#1 /home/kinki/Archer/TSPushServer/push/push.php(38): APNS_Push->__construct(Array)
#2 {main}
2013-12-01T11:04:50-05:00 Push script started (development mode)
2013-12-01T11:04:50-05:00 Exiting with fatal error: exception 'PDOException' with message 'SQLSTATE[HY000] [2002] Can't connect to local MySQL server through socket '/var/run/mysqld/mysqld.sock' (2)' in /home/kinki/Archer/TSPushServer/push/push.php:83
Stack trace:
#0 /home/kinki/Archer/TSPushServer/push/push.php(83): PDO->__construct('mysql:host=loca...', 'User_Trivi_Push', '1c28729j7$push', Array)
#1 /home/kinki/Archer/TSPushServer/push/push.php(38): APNS_Push->__construct(Array)
#2 {main}
2013-12-01T11:18:31-05:00 Push script started (development mode)
2013-12-01T11:18:31-05:00 Exiting with fatal error: exception 'PDOException' with message 'SQLSTATE[HY000] [2002] Can't connect to local MySQL server through socket '/var/run/mysqld/mysqld.sock' (2)' in /home/kinki/Archer/TSPushServer/push/push.php:83
Stack trace:
#0 /home/kinki/Archer/TSPushServer/push/push.php(83): PDO->__construct('mysql:host=loca...', 'User_Trivi_Push', '1c28729j7$push', Array)
#1 /home/kinki/Archer/TSPushServer/push/push.php(38): APNS_Push->__construct(Array)
#2 {main}
2013-12-01T11:19:21-05:00 Push script started (development mode)
2013-12-01T11:19:21-05:00 Connecting to ssl://gateway.sandbox.push.apple.com:2195
2013-12-01T11:19:21-05:00 Connection OK
2013-12-01T11:46:37-05:00 Sending message 1 to '1f2ceebae5097b0b67619738efb4ebca3b806bb4ccaaac75b49e2e06dfd94aad', payload: '{"aps":{"alert":"victor: alvaro ha fallado! Es tu turno!","sound":"default","badge":1}}'
2013-12-01T11:46:37-05:00 Message successfully delivered
2013-12-01T11:51:37-05:00 Sending message 2 to '08172b80f3652ba9f5da57652eaf8fc339f36ccf60d4864668520c9994bdc690', payload: '{"aps":{"alert":"alvaro: victor ha fallado! Es tu turno!","sound":"default","badge":1}}'
2013-12-01T11:51:37-05:00 Message successfully delivered
2013-12-01T12:11:17-05:00 Sending message 3 to '1f2ceebae5097b0b67619738efb4ebca3b806bb4ccaaac75b49e2e06dfd94aad', payload: '{"aps":{"alert":"victor: alvaro ha fallado! Es tu turno!","sound":"default","badge":1}}'
2013-12-01T12:11:17-05:00 Message successfully delivered
2013-12-01T18:38:20-05:00 Sending message 4 to '08172b80f3652ba9f5da57652eaf8fc339f36ccf60d4864668520c9994bdc690', payload: '{"aps":{"alert":"alvaro: victor te ha retado!","sound":"default","badge":1}}'
2013-12-01T18:38:20-05:00 Message successfully delivered
2013-12-01T20:57:51-05:00 Sending message 5 to '08172b80f3652ba9f5da57652eaf8fc339f36ccf60d4864668520c9994bdc690', payload: '{"aps":{"alert":"alvaro: victor te ha retado!","sound":"default","badge":1}}'
2013-12-01T20:57:51-05:00 Message not delivered
2013-12-01T20:57:51-05:00 Reconnecting to ssl://gateway.sandbox.push.apple.com:2195, attempt 1
2013-12-01T20:57:51-05:00 Connection OK
2013-12-01T20:57:56-05:00 Sending message 5 to '08172b80f3652ba9f5da57652eaf8fc339f36ccf60d4864668520c9994bdc690', payload: '{"aps":{"alert":"alvaro: victor te ha retado!","sound":"default","badge":1}}'
2013-12-01T20:57:56-05:00 Message successfully delivered
2013-12-01T20:58:16-05:00 Sending message 6 to '1f2ceebae5097b0b67619738efb4ebca3b806bb4ccaaac75b49e2e06dfd94aad', payload: '{"aps":{"alert":"victor: alvaro ha fallado! Es tu turno!","sound":"default","badge":1}}'
2013-12-01T20:58:16-05:00 Message successfully delivered
2013-12-01T20:58:31-05:00 Sending message 7 to '1f2ceebae5097b0b67619738efb4ebca3b806bb4ccaaac75b49e2e06dfd94aad', payload: '{"aps":{"alert":"victor: alvaro ha fallado! Es tu turno!","sound":"default","badge":1}}'
2013-12-01T20:58:31-05:00 Message successfully delivered
2013-12-01T21:35:36-05:00 Sending message 8 to '08172b80f3652ba9f5da57652eaf8fc339f36ccf60d4864668520c9994bdc690', payload: '{"aps":{"alert":"alvaro: victor te ha retado!","sound":"default","badge":1}}'
2013-12-01T21:35:36-05:00 Message successfully delivered
2013-12-01T21:36:17-05:00 Sending message 9 to '1f2ceebae5097b0b67619738efb4ebca3b806bb4ccaaac75b49e2e06dfd94aad', payload: '{"aps":{"alert":"victor: alvaro ha fallado! Es tu turno!","sound":"default","badge":1}}'
2013-12-01T21:36:17-05:00 Message successfully delivered
2013-12-01T21:36:37-05:00 Sending message 10 to '1f2ceebae5097b0b67619738efb4ebca3b806bb4ccaaac75b49e2e06dfd94aad', payload: '{"aps":{"alert":"victor: alvaro ha fallado! Es tu turno!","sound":"default","badge":1}}'
2013-12-01T21:36:37-05:00 Message successfully delivered
2013-12-01T21:37:17-05:00 Sending message 11 to '1f2ceebae5097b0b67619738efb4ebca3b806bb4ccaaac75b49e2e06dfd94aad', payload: '{"aps":{"alert":"victor: alvaro ha fallado! Es tu turno!","sound":"default","badge":1}}'
2013-12-01T21:37:17-05:00 Message successfully delivered
2013-12-01T21:37:37-05:00 Sending message 12 to '1f2ceebae5097b0b67619738efb4ebca3b806bb4ccaaac75b49e2e06dfd94aad', payload: '{"aps":{"alert":"victor: alvaro ha fallado! Es tu turno!","sound":"default","badge":1}}'
2013-12-01T21:37:37-05:00 Message successfully delivered
2013-12-01T21:38:17-05:00 Sending message 13 to '1f2ceebae5097b0b67619738efb4ebca3b806bb4ccaaac75b49e2e06dfd94aad', payload: '{"aps":{"alert":"victor: alvaro ha fallado! Es tu turno!","sound":"default","badge":1}}'
2013-12-01T21:38:17-05:00 Message successfully delivered
2013-12-01T21:43:27-05:00 Sending message 14 to '08172b80f3652ba9f5da57652eaf8fc339f36ccf60d4864668520c9994bdc690', payload: '{"aps":{"alert":"alvaro: Has perdido el reto contra victor","sound":"default","badge":1}}'
2013-12-01T21:43:27-05:00 Message successfully delivered
2013-12-02T10:00:17-05:00 Sending message 15 to '08172b80f3652ba9f5da57652eaf8fc339f36ccf60d4864668520c9994bdc690', payload: '{"aps":{"alert":"alvaro: Has perdido el reto contra victor","sound":"default","badge":1}}'
2013-12-02T10:00:17-05:00 Message successfully delivered
2013-12-02T13:50:59-05:00 Sending message 16 to '08172b80f3652ba9f5da57652eaf8fc339f36ccf60d4864668520c9994bdc690', payload: '{"aps":{"alert":"alvaro: victor ha fallado! Es tu turno!","sound":"default","badge":1}}'
2013-12-02T13:50:59-05:00 Message not delivered
2013-12-02T13:50:59-05:00 Reconnecting to ssl://gateway.sandbox.push.apple.com:2195, attempt 1
2013-12-02T13:51:00-05:00 Connection OK
2013-12-02T13:51:05-05:00 Sending message 16 to '08172b80f3652ba9f5da57652eaf8fc339f36ccf60d4864668520c9994bdc690', payload: '{"aps":{"alert":"alvaro: victor ha fallado! Es tu turno!","sound":"default","badge":1}}'
2013-12-02T13:51:05-05:00 Message successfully delivered
2013-12-02T15:27:56-05:00 Sending message 17 to '08172b80f3652ba9f5da57652eaf8fc339f36ccf60d4864668520c9994bdc690', payload: '{"aps":{"alert":"alvaro: victor ha fallado! Es tu turno!","sound":"default","badge":1}}'
2013-12-02T15:27:56-05:00 Message successfully delivered
2013-12-02T20:51:28-05:00 Sending message 18 to '08172b80f3652ba9f5da57652eaf8fc339f36ccf60d4864668520c9994bdc690', payload: '{"aps":{"alert":"alvaro: victor te ha invitado a jugar con él!","sound":"default","badge":1}}'
2013-12-02T20:51:28-05:00 Message successfully delivered
2013-12-02T21:26:43-05:00 Sending message 19 to '08172b80f3652ba9f5da57652eaf8fc339f36ccf60d4864668520c9994bdc690', payload: '{"aps":{"alert":"alvaro: victor ha fallado! Es tu turno!","sound":"default","badge":1}}'
2013-12-02T21:26:43-05:00 Message not delivered
2013-12-02T21:26:43-05:00 Reconnecting to ssl://gateway.sandbox.push.apple.com:2195, attempt 1
2013-12-02T21:26:44-05:00 Connection OK
2013-12-02T21:26:49-05:00 Sending message 19 to '08172b80f3652ba9f5da57652eaf8fc339f36ccf60d4864668520c9994bdc690', payload: '{"aps":{"alert":"alvaro: victor ha fallado! Es tu turno!","sound":"default","badge":1}}'
2013-12-02T21:26:49-05:00 Message successfully delivered
2013-12-02T22:35:40-05:00 Sending message 20 to '08172b80f3652ba9f5da57652eaf8fc339f36ccf60d4864668520c9994bdc690', payload: '{"aps":{"alert":"alvaro: victor ha fallado! Es tu turno!","sound":"default","badge":1}}'
2013-12-02T22:35:40-05:00 Message successfully delivered
2013-12-03T11:17:51-05:00 Push script started (development mode)
2013-12-03T11:17:51-05:00 Connecting to ssl://gateway.sandbox.push.apple.com:2195
2013-12-03T11:17:51-05:00 Connection OK
2013-12-03T11:20:51-05:00 Sending message 21 to '08172b80f3652ba9f5da57652eaf8fc339f36ccf60d4864668520c9994bdc690', payload: '{"aps":{"alert":"alvaro: victor ha fallado! Es tu turno!","sound":"default","badge":1}}'
2013-12-03T11:20:51-05:00 Message successfully delivered
2013-12-05T02:43:50-05:00 Sending message 22 to '08172b80f3652ba9f5da57652eaf8fc339f36ccf60d4864668520c9994bdc690', payload: '{"aps":{"alert":"alvaro: victor ha fallado! Es tu turno!","sound":"default","badge":1}}'
2013-12-05T02:43:50-05:00 Message successfully delivered
2013-12-05T19:20:23-05:00 Sending message 24 to '08172b80f3652ba9f5da57652eaf8fc339f36ccf60d4864668520c9994bdc690', payload: '{"aps":{"alert":"alvaro: victor ha fallado! Es tu turno!","sound":"default","badge":1}}'
2013-12-05T19:20:23-05:00 Message not delivered
2013-12-05T19:20:23-05:00 Reconnecting to ssl://gateway.sandbox.push.apple.com:2195, attempt 1
2013-12-05T19:20:23-05:00 Sending message 24 to '08172b80f3652ba9f5da57652eaf8fc339f36ccf60d4864668520c9994bdc690', payload: '{"aps":{"alert":"alvaro: victor ha fallado! Es tu turno!","sound":"default","badge":1}}'
2013-12-05T19:20:23-05:00 Message successfully delivered
2013-12-05T19:20:24-05:00 Connection OK
2013-12-07T18:57:18-05:00 Sending message 25 to '08172b80f3652ba9f5da57652eaf8fc339f36ccf60d4864668520c9994bdc690', payload: '{"aps":{"alert":"alvaro: kinki te ha invitado a jugar con él!","sound":"default","badge":1}}'
2013-12-07T18:57:18-05:00 Message successfully delivered
2013-12-08T07:20:04-05:00 Sending message 26 to '1f2ceebae5097b0b67619738efb4ebca3b806bb4ccaaac75b49e2e06dfd94aad', payload: '{"aps":{"alert":"victor: alvaro ha fallado! Es tu turno!","sound":"default","badge":1}}'
2013-12-08T07:20:04-05:00 Message not delivered
2013-12-08T07:20:04-05:00 Reconnecting to ssl://gateway.sandbox.push.apple.com:2195, attempt 1
2013-12-08T07:20:04-05:00 Connection OK
2013-12-08T07:20:05-05:00 Sending message 26 to '1f2ceebae5097b0b67619738efb4ebca3b806bb4ccaaac75b49e2e06dfd94aad', payload: '{"aps":{"alert":"victor: alvaro ha fallado! Es tu turno!","sound":"default","badge":1}}'
2013-12-08T07:20:05-05:00 Message not delivered
2013-12-08T07:20:05-05:00 Reconnecting to ssl://gateway.sandbox.push.apple.com:2195, attempt 1
2013-12-08T07:20:05-05:00 Connection OK
2013-12-08T07:20:09-05:00 Sending message 26 to '1f2ceebae5097b0b67619738efb4ebca3b806bb4ccaaac75b49e2e06dfd94aad', payload: '{"aps":{"alert":"victor: alvaro ha fallado! Es tu turno!","sound":"default","badge":1}}'
2013-12-08T07:20:09-05:00 Message successfully delivered
2013-12-08T09:57:37-05:00 Sending message 27 to '1f2ceebae5097b0b67619738efb4ebca3b806bb4ccaaac75b49e2e06dfd94aad', payload: '{"aps":{"alert":"victor: alvaro te ha retado!","sound":"default","badge":1}}'
2013-12-08T09:57:37-05:00 Message successfully delivered
2013-12-12T13:17:47-05:00 Sending message 28 to '08172b80f3652ba9f5da57652eaf8fc339f36ccf60d4864668520c9994bdc690', payload: '{"aps":{"alert":"alvaro: victor ha ganado la partida!","sound":"default","badge":1}}'
2013-12-12T13:17:47-05:00 Message successfully delivered
2013-12-12T19:23:00-05:00 Sending message 29 to '08172b80f3652ba9f5da57652eaf8fc339f36ccf60d4864668520c9994bdc690', payload: '{"aps":{"alert":"alvaro: victor te ha retado!","sound":"default","badge":1}}'
2013-12-12T19:23:00-05:00 Message not delivered
2013-12-12T19:23:00-05:00 Reconnecting to ssl://gateway.sandbox.push.apple.com:2195, attempt 1
2013-12-12T19:23:06-05:00 Connection OK
2013-12-12T19:23:06-05:00 Sending message 30 to '08172b80f3652ba9f5da57652eaf8fc339f36ccf60d4864668520c9994bdc690', payload: '{"aps":{"alert":"alvaro: Has perdido el reto contra victor","sound":"default","badge":1}}'
2013-12-12T19:23:06-05:00 Message successfully delivered
2013-12-12T19:23:06-05:00 Sending message 31 to '08172b80f3652ba9f5da57652eaf8fc339f36ccf60d4864668520c9994bdc690', payload: '{"aps":{"alert":"alvaro: Has perdido el reto contra victor","sound":"default","badge":1}}'
2013-12-12T19:23:06-05:00 Message successfully delivered
2013-12-12T19:41:21-05:00 Sending message 32 to '08172b80f3652ba9f5da57652eaf8fc339f36ccf60d4864668520c9994bdc690', payload: '{"aps":{"alert":"alvaro: victor te ha retado!","sound":"default","badge":1}}'
2013-12-12T19:41:21-05:00 Message successfully delivered
2013-12-12T19:44:31-05:00 Sending message 33 to '1f2ceebae5097b0b67619738efb4ebca3b806bb4ccaaac75b49e2e06dfd94aad', payload: '{"aps":{"alert":"victor: kinki ha fallado! Es tu turno!","sound":"default","badge":1}}'
2013-12-12T19:44:31-05:00 Message successfully delivered
2013-12-13T14:07:00-05:00 Sending message 34 to '08172b80f3652ba9f5da57652eaf8fc339f36ccf60d4864668520c9994bdc690', payload: '{"aps":{"alert":"alvaro: kinki ha fallado! Es tu turno!","sound":"default","badge":1}}'
2013-12-13T14:07:00-05:00 Message successfully delivered
2013-12-13T14:08:14-05:00 Sending message 35 to '1f2ceebae5097b0b67619738efb4ebca3b806bb4ccaaac75b49e2e06dfd94aad', payload: '{"aps":{"alert":"kinki: victor te ha retado!","sound":"default","badge":1}}'
2013-12-13T14:08:14-05:00 Message not delivered
2013-12-13T14:08:14-05:00 Reconnecting to ssl://gateway.sandbox.push.apple.com:2195, attempt 1
2013-12-13T14:08:14-05:00 Connection OK
2013-12-13T14:08:15-05:00 Sending message 35 to '1f2ceebae5097b0b67619738efb4ebca3b806bb4ccaaac75b49e2e06dfd94aad', payload: '{"aps":{"alert":"kinki: victor te ha retado!","sound":"default","badge":1}}'
2013-12-13T14:08:15-05:00 Message not delivered
2013-12-13T14:08:15-05:00 Reconnecting to ssl://gateway.sandbox.push.apple.com:2195, attempt 1
2013-12-13T14:08:15-05:00 Connection OK
2013-12-13T14:08:19-05:00 Sending message 35 to '1f2ceebae5097b0b67619738efb4ebca3b806bb4ccaaac75b49e2e06dfd94aad', payload: '{"aps":{"alert":"kinki: victor te ha retado!","sound":"default","badge":1}}'
2013-12-13T14:08:19-05:00 Message successfully delivered
2013-12-29T17:20:52-05:00 Sending message 36 to '1f2ceebae5097b0b67619738efb4ebca3b806bb4ccaaac75b49e2e06dfd94aad', payload: '{"aps":{"alert":"kinki: victor ha fallado! Es tu turno!","sound":"default","badge":1}}'
2013-12-29T17:20:52-05:00 Message successfully delivered
2014-01-04T17:14:33-05:00 Sending message 37 to '1f2ceebae5097b0b67619738efb4ebca3b806bb4ccaaac75b49e2e06dfd94aad', payload: '{"aps":{"alert":"victor: kinki ha fallado! Es tu turno!","sound":"default","badge":1}}'
2014-01-04T17:14:33-05:00 Message not delivered
2014-01-04T17:14:33-05:00 Reconnecting to ssl://gateway.sandbox.push.apple.com:2195, attempt 1
2014-01-04T17:14:35-05:00 Connection OK
2014-01-13T20:55:50-05:00 Sending message 38 to '1f2ceebae5097b0b67619738efb4ebca3b806bb4ccaaac75b49e2e06dfd94aad', payload: '{"aps":{"alert":"kinki: victor ha fallado! Es tu turno!","sound":"default","badge":1}}'
2014-01-13T20:55:50-05:00 Message successfully delivered
2014-01-13T21:22:55-05:00 Sending message 40 to '1f2ceebae5097b0b67619738efb4ebca3b806bb4ccaaac75b49e2e06dfd94aad', payload: '{"aps":{"alert":"kinki: Has perdido el reto contra victor","sound":"default","badge":1}}'
2014-01-13T21:22:55-05:00 Message successfully delivered
2014-01-14T20:30:50-05:00 Sending message 42 to '1f2ceebae5097b0b67619738efb4ebca3b806bb4ccaaac75b49e2e06dfd94aad', payload: '{"aps":{"alert":"kinki: victor ha fallado! Es tu turno!","sound":"default","badge":1}}'
2014-01-14T20:30:50-05:00 Message not delivered
2014-01-14T20:30:50-05:00 Reconnecting to ssl://gateway.sandbox.push.apple.com:2195, attempt 1
2014-01-14T20:30:50-05:00 Sending message 42 to '1f2ceebae5097b0b67619738efb4ebca3b806bb4ccaaac75b49e2e06dfd94aad', payload: '{"aps":{"alert":"kinki: victor ha fallado! Es tu turno!","sound":"default","badge":1}}'
2014-01-14T20:30:50-05:00 Message not delivered
2014-01-14T20:30:50-05:00 Reconnecting to ssl://gateway.sandbox.push.apple.com:2195, attempt 1
2014-01-14T20:30:51-05:00 Connection OK
2014-01-14T20:30:51-05:00 Connection OK
2014-01-14T20:46:56-05:00 Sending message 46 to '1f2ceebae5097b0b67619738efb4ebca3b806bb4ccaaac75b49e2e06dfd94aad', payload: '{"aps":{"alert":"kinki: victor ha fallado! Es tu turno!","sound":"default","badge":1}}'
2014-01-14T20:46:56-05:00 Message successfully delivered
2014-01-14T21:08:56-05:00 Sending message 51 to '1f2ceebae5097b0b67619738efb4ebca3b806bb4ccaaac75b49e2e06dfd94aad', payload: '{"aps":{"alert":"victor: kinki ha fallado! Es tu turno!","sound":"default","badge":1}}'
2014-01-14T21:08:56-05:00 Message successfully delivered
2014-01-14T21:25:16-05:00 Sending message 59 to '1f2ceebae5097b0b67619738efb4ebca3b806bb4ccaaac75b49e2e06dfd94aad', payload: '{"aps":{"alert":"victor: kinki ha fallado! Es tu turno!","sound":"default","badge":1}}'
2014-01-14T21:25:16-05:00 Message successfully delivered
2014-01-14T21:25:41-05:00 Sending message 60 to '1f2ceebae5097b0b67619738efb4ebca3b806bb4ccaaac75b49e2e06dfd94aad', payload: '{"aps":{"alert":"kinki: victor ha fallado! Es tu turno!","sound":"default","badge":1}}'
2014-01-14T21:25:41-05:00 Message successfully delivered
2014-01-14T21:25:56-05:00 Sending message 61 to '1f2ceebae5097b0b67619738efb4ebca3b806bb4ccaaac75b49e2e06dfd94aad', payload: '{"aps":{"alert":"victor: kinki ha fallado! Es tu turno!","sound":"default","badge":1}}'
2014-01-14T21:25:56-05:00 Message successfully delivered
2014-01-14T21:30:21-05:00 Sending message 62 to '1f2ceebae5097b0b67619738efb4ebca3b806bb4ccaaac75b49e2e06dfd94aad', payload: '{"aps":{"alert":"kinki: victor te ha retado!","sound":"default","badge":1}}'
2014-01-14T21:30:21-05:00 Message successfully delivered
2014-01-15T04:00:14-05:00 Sending message 63 to '1f2ceebae5097b0b67619738efb4ebca3b806bb4ccaaac75b49e2e06dfd94aad', payload: '{"aps":{"alert":"victor: Has ganado el reto con kinki","sound":"default","badge":1}}'
2014-01-15T04:00:14-05:00 Message successfully delivered
2014-01-15T04:31:39-05:00 Sending message 64 to '1f2ceebae5097b0b67619738efb4ebca3b806bb4ccaaac75b49e2e06dfd94aad', payload: '{"aps":{"alert":"kinki: victor ha fallado! Es tu turno!","sound":"default","badge":1}}'
2014-01-15T04:31:39-05:00 Message not delivered
2014-01-15T04:31:39-05:00 Reconnecting to ssl://gateway.sandbox.push.apple.com:2195, attempt 1
2014-01-15T04:31:39-05:00 Connection OK
2014-01-15T06:42:55-05:00 Sending message 65 to '1f2ceebae5097b0b67619738efb4ebca3b806bb4ccaaac75b49e2e06dfd94aad', payload: '{"aps":{"alert":"victor: kinki te ha retado!","sound":"default","badge":1}}'
2014-01-15T06:42:55-05:00 Message successfully delivered
2014-01-15T07:37:56-05:00 Sending message 66 to '1f2ceebae5097b0b67619738efb4ebca3b806bb4ccaaac75b49e2e06dfd94aad', payload: '{"aps":{"alert":"kinki: Has empatado el reto con victor","sound":"default","badge":1}}'
2014-01-15T07:37:56-05:00 Message not delivered
2014-01-15T07:37:56-05:00 Reconnecting to ssl://gateway.sandbox.push.apple.com:2195, attempt 1
2014-01-15T07:37:56-05:00 Sending message 66 to '1f2ceebae5097b0b67619738efb4ebca3b806bb4ccaaac75b49e2e06dfd94aad', payload: '{"aps":{"alert":"kinki: Has empatado el reto con victor","sound":"default","badge":1}}'
2014-01-15T07:37:56-05:00 Message successfully delivered
2014-01-15T07:37:56-05:00 Connection OK
2014-01-15T08:26:11-05:00 Sending message 67 to '1f2ceebae5097b0b67619738efb4ebca3b806bb4ccaaac75b49e2e06dfd94aad', payload: '{"aps":{"alert":"victor: kinki te ha retado!","sound":"default","badge":1}}'
2014-01-15T08:26:11-05:00 Message not delivered
2014-01-15T08:26:11-05:00 Reconnecting to ssl://gateway.sandbox.push.apple.com:2195, attempt 1
2014-01-15T08:26:11-05:00 Connection OK
2014-01-15T08:26:11-05:00 Sending message 67 to '1f2ceebae5097b0b67619738efb4ebca3b806bb4ccaaac75b49e2e06dfd94aad', payload: '{"aps":{"alert":"victor: kinki te ha retado!","sound":"default","badge":1}}'
2014-01-15T08:26:11-05:00 Message successfully delivered
2014-01-15T08:27:46-05:00 Sending message 68 to '1f2ceebae5097b0b67619738efb4ebca3b806bb4ccaaac75b49e2e06dfd94aad', payload: '{"aps":{"alert":"kinki: Has perdido el reto contra victor","sound":"default","badge":1}}'
2014-01-15T08:27:46-05:00 Message successfully delivered
2014-01-15T08:31:02-05:00 Sending message 69 to '1f2ceebae5097b0b67619738efb4ebca3b806bb4ccaaac75b49e2e06dfd94aad', payload: '{"aps":{"alert":"kinki: victor ha fallado! Es tu turno!","sound":"default","badge":1}}'
2014-01-15T08:31:02-05:00 Message successfully delivered
2014-01-15T10:26:17-05:00 Sending message 70 to '1f2ceebae5097b0b67619738efb4ebca3b806bb4ccaaac75b49e2e06dfd94aad', payload: '{"aps":{"alert":"kinki: victor ha fallado! Es tu turno!","sound":"default","badge":1}}'
2014-01-15T10:26:17-05:00 Message successfully delivered
2014-01-15T10:33:27-05:00 Sending message 72 to '1f2ceebae5097b0b67619738efb4ebca3b806bb4ccaaac75b49e2e06dfd94aad', payload: '{"aps":{"alert":"kinki: victor ha fallado! Es tu turno!","sound":"default","badge":1}}'
2014-01-15T10:33:27-05:00 Message successfully delivered
2014-01-15T10:34:37-05:00 Sending message 73 to '1f2ceebae5097b0b67619738efb4ebca3b806bb4ccaaac75b49e2e06dfd94aad', payload: '{"aps":{"alert":"kinki: victor ha ganado la partida!","sound":"default","badge":1}}'
2014-01-15T10:34:37-05:00 Message successfully delivered
2014-01-15T10:50:28-05:00 Sending message 74 to '1f2ceebae5097b0b67619738efb4ebca3b806bb4ccaaac75b49e2e06dfd94aad', payload: '{"aps":{"alert":"kinki: victor ha ganado la partida!","sound":"default","badge":1}}'
2014-01-15T10:50:28-05:00 Message not delivered
2014-01-15T10:50:28-05:00 Reconnecting to ssl://gateway.sandbox.push.apple.com:2195, attempt 1
2014-01-15T10:50:28-05:00 Sending message 74 to '1f2ceebae5097b0b67619738efb4ebca3b806bb4ccaaac75b49e2e06dfd94aad', payload: '{"aps":{"alert":"kinki: victor ha ganado la partida!","sound":"default","badge":1}}'
2014-01-15T10:50:28-05:00 Message successfully delivered
2014-01-15T10:50:28-05:00 Connection OK
2014-02-16T05:39:11-05:00 Push script started (development mode)
2014-02-16T05:39:11-05:00 Exiting with fatal error: exception 'PDOException' with message 'SQLSTATE[HY000] [2002] Can't connect to local MySQL server through socket '/var/run/mysqld/mysqld.sock' (2)' in /home/kinki/Archer/TSPushServer/push/push.php:83
Stack trace:
#0 /home/kinki/Archer/TSPushServer/push/push.php(83): PDO->__construct('mysql:host=loca...', 'User_Trivi_Push', '1c28729j7$push', Array)
#1 /home/kinki/Archer/TSPushServer/push/push.php(38): APNS_Push->__construct(Array)
#2 {main}
2014-02-20T12:56:48-05:00 Push script started (development mode)
2014-02-20T12:56:48-05:00 Connecting to ssl://gateway.sandbox.push.apple.com:2195
2014-02-20T12:56:49-05:00 Connection OK
2014-02-20T13:12:38-05:00 Push script started (development mode)
2014-02-20T13:12:38-05:00 Exiting with fatal error: exception 'PDOException' with message 'SQLSTATE[HY000] [2002] Can't connect to local MySQL server through socket '/var/run/mysqld/mysqld.sock' (2)' in /home/kinki/Archer/TSPushServer/push/push.php:83
Stack trace:
#0 /home/kinki/Archer/TSPushServer/push/push.php(83): PDO->__construct('mysql:host=loca...', 'User_Trivi_Push', '1c28729j7$push', Array)
#1 /home/kinki/Archer/TSPushServer/push/push.php(38): APNS_Push->__construct(Array)
#2 {main}
2014-02-20T13:15:09-05:00 Push script started (development mode)
2014-02-20T13:15:09-05:00 Connecting to ssl://gateway.sandbox.push.apple.com:2195
2014-02-20T13:15:11-05:00 Connection OK
2014-02-20T13:15:51-05:00 Exiting with fatal error: exception 'PDOException' with message 'SQLSTATE[HY000]: General error: 2006 MySQL server has gone away' in /home/kinki/Archer/TSPushServer/push/push.php:111
Stack trace:
#0 /home/kinki/Archer/TSPushServer/push/push.php(111): PDOStatement->execute()
#1 /home/kinki/Archer/TSPushServer/push/push.php(39): APNS_Push->start()
#2 {main}
2014-02-20T13:17:18-05:00 Push script started (development mode)
2014-02-20T13:17:18-05:00 Exiting with fatal error: exception 'PDOException' with message 'SQLSTATE[HY000] [2002] Can't connect to local MySQL server through socket '/var/run/mysqld/mysqld.sock' (2)' in /home/kinki/Archer/TSPushServer/push/push.php:83
Stack trace:
#0 /home/kinki/Archer/TSPushServer/push/push.php(83): PDO->__construct('mysql:host=loca...', 'User_Trivi_Push', '1c28729j7$push', Array)
#1 /home/kinki/Archer/TSPushServer/push/push.php(38): APNS_Push->__construct(Array)
#2 {main}
2014-02-20T13:25:18-05:00 Push script started (development mode)
2014-02-20T13:25:18-05:00 Exiting with fatal error: exception 'PDOException' with message 'SQLSTATE[HY000] [2002] Can't connect to local MySQL server through socket '/var/run/mysqld/mysqld.sock' (2)' in /home/kinki/Archer/TSPushServer/push/push.php:83
Stack trace:
#0 /home/kinki/Archer/TSPushServer/push/push.php(83): PDO->__construct('mysql:host=loca...', 'User_Trivi_Push', '1c28729j7$push', Array)
#1 /home/kinki/Archer/TSPushServer/push/push.php(38): APNS_Push->__construct(Array)
#2 {main}
2014-02-20T13:28:20-05:00 Push script started (development mode)
2014-02-20T13:28:20-05:00 Connecting to ssl://gateway.sandbox.push.apple.com:2195
2014-02-20T13:28:21-05:00 Connection OK
2014-02-21T07:40:04-05:00 Push script started (development mode)
2014-02-21T07:40:04-05:00 Connecting to ssl://gateway.sandbox.push.apple.com:2195
2014-02-21T07:40:05-05:00 Connection OK
2014-02-21T07:55:20-05:00 Exiting with fatal error: exception 'PDOException' with message 'SQLSTATE[HY000]: General error: 2006 MySQL server has gone away' in /home/kinki/Archer/TSPushServer/push/push.php:111
Stack trace:
#0 /home/kinki/Archer/TSPushServer/push/push.php(111): PDOStatement->execute()
#1 /home/kinki/Archer/TSPushServer/push/push.php(39): APNS_Push->start()
#2 {main}
2014-02-21T07:56:42-05:00 Push script started (development mode)
2014-02-21T07:56:42-05:00 Exiting with fatal error: exception 'PDOException' with message 'SQLSTATE[HY000] [2002] Can't connect to local MySQL server through socket '/var/run/mysqld/mysqld.sock' (2)' in /home/kinki/Archer/TSPushServer/push/push.php:83
Stack trace:
#0 /home/kinki/Archer/TSPushServer/push/push.php(83): PDO->__construct('mysql:host=loca...', 'User_Trivi_Push', '1c28729j7$push', Array)
#1 /home/kinki/Archer/TSPushServer/push/push.php(38): APNS_Push->__construct(Array)
#2 {main}
2014-02-21T07:59:25-05:00 Push script started (development mode)
2014-02-21T07:59:25-05:00 Connecting to ssl://gateway.sandbox.push.apple.com:2195
2014-02-21T07:59:26-05:00 Connection OK
